

Started GET "/" for 127.0.0.1 at 2014-10-01 14:57:35 -0400

ActiveRecord::NoDatabaseError (FATAL:  database "todo_development" does not exist
Run `$ bin/rake db:create db:migrate` to create your database):
  activerecord (4.1.6) lib/active_record/connection_adapters/postgresql_adapter.rb:898:in `rescue in connect'
  activerecord (4.1.6) lib/active_record/connection_adapters/postgresql_adapter.rb:888:in `connect'
  activerecord (4.1.6) lib/active_record/connection_adapters/postgresql_adapter.rb:568:in `initialize'
  activerecord (4.1.6) lib/active_record/connection_adapters/postgresql_adapter.rb:41:in `new'
  activerecord (4.1.6) lib/active_record/connection_adapters/postgresql_adapter.rb:41:in `postgresql_connection'
  activerecord (4.1.6) lib/active_record/connection_adapters/abstract/connection_pool.rb:435:in `new_connection'
  activerecord (4.1.6) lib/active_record/connection_adapters/abstract/connection_pool.rb:445:in `checkout_new_connection'
  activerecord (4.1.6) lib/active_record/connection_adapters/abstract/connection_pool.rb:416:in `acquire_connection'
  activerecord (4.1.6) lib/active_record/connection_adapters/abstract/connection_pool.rb:351:in `block in checkout'
  /Users/lizkorthof/.rbenv/versions/2.1.2/lib/ruby/2.1.0/monitor.rb:211:in `mon_synchronize'
  activerecord (4.1.6) lib/active_record/connection_adapters/abstract/connection_pool.rb:350:in `checkout'
  activerecord (4.1.6) lib/active_record/connection_adapters/abstract/connection_pool.rb:265:in `block in connection'
  /Users/lizkorthof/.rbenv/versions/2.1.2/lib/ruby/2.1.0/monitor.rb:211:in `mon_synchronize'
  activerecord (4.1.6) lib/active_record/connection_adapters/abstract/connection_pool.rb:264:in `connection'
  activerecord (4.1.6) lib/active_record/connection_adapters/abstract/connection_pool.rb:541:in `retrieve_connection'
  activerecord (4.1.6) lib/active_record/connection_handling.rb:113:in `retrieve_connection'
  activerecord (4.1.6) lib/active_record/connection_handling.rb:87:in `connection'
  activerecord (4.1.6) lib/active_record/query_cache.rb:51:in `restore_query_cache_settings'
  activerecord (4.1.6) lib/active_record/query_cache.rb:43:in `rescue in call'
  activerecord (4.1.6) lib/active_record/query_cache.rb:32:in `call'
  activerecord (4.1.6) lib/active_record/connection_adapters/abstract/connection_pool.rb:621:in `call'
  activerecord (4.1.6) lib/active_record/migration.rb:380:in `call'
  actionpack (4.1.6) lib/action_dispatch/middleware/callbacks.rb:29:in `block in call'
  activesupport (4.1.6) lib/active_support/callbacks.rb:82:in `run_callbacks'
  actionpack (4.1.6) lib/action_dispatch/middleware/callbacks.rb:27:in `call'
  actionpack (4.1.6) lib/action_dispatch/middleware/reloader.rb:73:in `call'
  actionpack (4.1.6) lib/action_dispatch/middleware/remote_ip.rb:76:in `call'
  actionpack (4.1.6) lib/action_dispatch/middleware/debug_exceptions.rb:17:in `call'
  actionpack (4.1.6) lib/action_dispatch/middleware/show_exceptions.rb:30:in `call'
  railties (4.1.6) lib/rails/rack/logger.rb:38:in `call_app'
  railties (4.1.6) lib/rails/rack/logger.rb:20:in `block in call'
  activesupport (4.1.6) lib/active_support/tagged_logging.rb:68:in `block in tagged'
  activesupport (4.1.6) lib/active_support/tagged_logging.rb:26:in `tagged'
  activesupport (4.1.6) lib/active_support/tagged_logging.rb:68:in `tagged'
  railties (4.1.6) lib/rails/rack/logger.rb:20:in `call'
  actionpack (4.1.6) lib/action_dispatch/middleware/request_id.rb:21:in `call'
  rack (1.5.2) lib/rack/methodoverride.rb:21:in `call'
  rack (1.5.2) lib/rack/runtime.rb:17:in `call'
  activesupport (4.1.6) lib/active_support/cache/strategy/local_cache_middleware.rb:26:in `call'
  rack (1.5.2) lib/rack/lock.rb:17:in `call'
  actionpack (4.1.6) lib/action_dispatch/middleware/static.rb:64:in `call'
  rack (1.5.2) lib/rack/sendfile.rb:112:in `call'
  railties (4.1.6) lib/rails/engine.rb:514:in `call'
  railties (4.1.6) lib/rails/application.rb:144:in `call'
  rack (1.5.2) lib/rack/lock.rb:17:in `call'
  rack (1.5.2) lib/rack/content_length.rb:14:in `call'
  rack (1.5.2) lib/rack/handler/webrick.rb:60:in `service'
  /Users/lizkorthof/.rbenv/versions/2.1.2/lib/ruby/2.1.0/webrick/httpserver.rb:138:in `service'
  /Users/lizkorthof/.rbenv/versions/2.1.2/lib/ruby/2.1.0/webrick/httpserver.rb:94:in `run'
  /Users/lizkorthof/.rbenv/versions/2.1.2/lib/ruby/2.1.0/webrick/server.rb:295:in `block in start_thread'


  Rendered /Users/lizkorthof/.rbenv/versions/2.1.2/lib/ruby/gems/2.1.0/gems/actionpack-4.1.6/lib/action_dispatch/middleware/templates/rescues/_source.erb (0.5ms)
  Rendered /Users/lizkorthof/.rbenv/versions/2.1.2/lib/ruby/gems/2.1.0/gems/actionpack-4.1.6/lib/action_dispatch/middleware/templates/rescues/_trace.html.erb (1.0ms)
  Rendered /Users/lizkorthof/.rbenv/versions/2.1.2/lib/ruby/gems/2.1.0/gems/actionpack-4.1.6/lib/action_dispatch/middleware/templates/rescues/_request_and_response.html.erb (0.8ms)
  Rendered /Users/lizkorthof/.rbenv/versions/2.1.2/lib/ruby/gems/2.1.0/gems/actionpack-4.1.6/lib/action_dispatch/middleware/templates/rescues/diagnostics.erb within rescues/layout (18.7ms)


Started GET "/" for 127.0.0.1 at 2014-10-01 14:57:52 -0400

ActiveRecord::NoDatabaseError (FATAL:  database "todo_development" does not exist
Run `$ bin/rake db:create db:migrate` to create your database):
  activerecord (4.1.6) lib/active_record/connection_adapters/postgresql_adapter.rb:898:in `rescue in connect'
  activerecord (4.1.6) lib/active_record/connection_adapters/postgresql_adapter.rb:888:in `connect'
  activerecord (4.1.6) lib/active_record/connection_adapters/postgresql_adapter.rb:568:in `initialize'
  activerecord (4.1.6) lib/active_record/connection_adapters/postgresql_adapter.rb:41:in `new'
  activerecord (4.1.6) lib/active_record/connection_adapters/postgresql_adapter.rb:41:in `postgresql_connection'
  activerecord (4.1.6) lib/active_record/connection_adapters/abstract/connection_pool.rb:435:in `new_connection'
  activerecord (4.1.6) lib/active_record/connection_adapters/abstract/connection_pool.rb:445:in `checkout_new_connection'
  activerecord (4.1.6) lib/active_record/connection_adapters/abstract/connection_pool.rb:416:in `acquire_connection'
  activerecord (4.1.6) lib/active_record/connection_adapters/abstract/connection_pool.rb:351:in `block in checkout'
  /Users/lizkorthof/.rbenv/versions/2.1.2/lib/ruby/2.1.0/monitor.rb:211:in `mon_synchronize'
  activerecord (4.1.6) lib/active_record/connection_adapters/abstract/connection_pool.rb:350:in `checkout'
  activerecord (4.1.6) lib/active_record/connection_adapters/abstract/connection_pool.rb:265:in `block in connection'
  /Users/lizkorthof/.rbenv/versions/2.1.2/lib/ruby/2.1.0/monitor.rb:211:in `mon_synchronize'
  activerecord (4.1.6) lib/active_record/connection_adapters/abstract/connection_pool.rb:264:in `connection'
  activerecord (4.1.6) lib/active_record/connection_adapters/abstract/connection_pool.rb:541:in `retrieve_connection'
  activerecord (4.1.6) lib/active_record/connection_handling.rb:113:in `retrieve_connection'
  activerecord (4.1.6) lib/active_record/connection_handling.rb:87:in `connection'
  activerecord (4.1.6) lib/active_record/query_cache.rb:51:in `restore_query_cache_settings'
  activerecord (4.1.6) lib/active_record/query_cache.rb:43:in `rescue in call'
  activerecord (4.1.6) lib/active_record/query_cache.rb:32:in `call'
  activerecord (4.1.6) lib/active_record/connection_adapters/abstract/connection_pool.rb:621:in `call'
  activerecord (4.1.6) lib/active_record/migration.rb:380:in `call'
  actionpack (4.1.6) lib/action_dispatch/middleware/callbacks.rb:29:in `block in call'
  activesupport (4.1.6) lib/active_support/callbacks.rb:82:in `run_callbacks'
  actionpack (4.1.6) lib/action_dispatch/middleware/callbacks.rb:27:in `call'
  actionpack (4.1.6) lib/action_dispatch/middleware/reloader.rb:73:in `call'
  actionpack (4.1.6) lib/action_dispatch/middleware/remote_ip.rb:76:in `call'
  actionpack (4.1.6) lib/action_dispatch/middleware/debug_exceptions.rb:17:in `call'
  actionpack (4.1.6) lib/action_dispatch/middleware/show_exceptions.rb:30:in `call'
  railties (4.1.6) lib/rails/rack/logger.rb:38:in `call_app'
  railties (4.1.6) lib/rails/rack/logger.rb:20:in `block in call'
  activesupport (4.1.6) lib/active_support/tagged_logging.rb:68:in `block in tagged'
  activesupport (4.1.6) lib/active_support/tagged_logging.rb:26:in `tagged'
  activesupport (4.1.6) lib/active_support/tagged_logging.rb:68:in `tagged'
  railties (4.1.6) lib/rails/rack/logger.rb:20:in `call'
  actionpack (4.1.6) lib/action_dispatch/middleware/request_id.rb:21:in `call'
  rack (1.5.2) lib/rack/methodoverride.rb:21:in `call'
  rack (1.5.2) lib/rack/runtime.rb:17:in `call'
  activesupport (4.1.6) lib/active_support/cache/strategy/local_cache_middleware.rb:26:in `call'
  rack (1.5.2) lib/rack/lock.rb:17:in `call'
  actionpack (4.1.6) lib/action_dispatch/middleware/static.rb:64:in `call'
  rack (1.5.2) lib/rack/sendfile.rb:112:in `call'
  railties (4.1.6) lib/rails/engine.rb:514:in `call'
  railties (4.1.6) lib/rails/application.rb:144:in `call'
  rack (1.5.2) lib/rack/lock.rb:17:in `call'
  rack (1.5.2) lib/rack/content_length.rb:14:in `call'
  rack (1.5.2) lib/rack/handler/webrick.rb:60:in `service'
  /Users/lizkorthof/.rbenv/versions/2.1.2/lib/ruby/2.1.0/webrick/httpserver.rb:138:in `service'
  /Users/lizkorthof/.rbenv/versions/2.1.2/lib/ruby/2.1.0/webrick/httpserver.rb:94:in `run'
  /Users/lizkorthof/.rbenv/versions/2.1.2/lib/ruby/2.1.0/webrick/server.rb:295:in `block in start_thread'


  Rendered /Users/lizkorthof/.rbenv/versions/2.1.2/lib/ruby/gems/2.1.0/gems/actionpack-4.1.6/lib/action_dispatch/middleware/templates/rescues/_source.erb (0.4ms)
  Rendered /Users/lizkorthof/.rbenv/versions/2.1.2/lib/ruby/gems/2.1.0/gems/actionpack-4.1.6/lib/action_dispatch/middleware/templates/rescues/_trace.html.erb (0.7ms)
  Rendered /Users/lizkorthof/.rbenv/versions/2.1.2/lib/ruby/gems/2.1.0/gems/actionpack-4.1.6/lib/action_dispatch/middleware/templates/rescues/_request_and_response.html.erb (0.5ms)
  Rendered /Users/lizkorthof/.rbenv/versions/2.1.2/lib/ruby/gems/2.1.0/gems/actionpack-4.1.6/lib/action_dispatch/middleware/templates/rescues/diagnostics.erb within rescues/layout (10.3ms)
  [1m[36m (237.5ms)[0m  [1mCREATE DATABASE "todo_development" ENCODING = 'unicode'[0m
  [1m[35m (24.8ms)[0m  CREATE TABLE "schema_migrations" ("version" character varying(255) NOT NULL) 
  [1m[36m (3.3ms)[0m  [1mCREATE UNIQUE INDEX  "unique_schema_migrations" ON "schema_migrations"  ("version")[0m
  [1m[35mActiveRecord::SchemaMigration Load (0.3ms)[0m  SELECT "schema_migrations".* FROM "schema_migrations"


Started GET "/" for 127.0.0.1 at 2014-10-01 15:01:24 -0400
Processing by Rails::WelcomeController#index as HTML
  Rendered /Users/lizkorthof/.rbenv/versions/2.1.2/lib/ruby/gems/2.1.0/gems/railties-4.1.6/lib/rails/templates/rails/welcome/index.html.erb (1.2ms)
Completed 200 OK in 12ms (Views: 5.1ms | ActiveRecord: 0.0ms)


Started GET "/" for 127.0.0.1 at 2014-10-01 15:06:07 -0400
Processing by Rails::WelcomeController#index as HTML
  Rendered /Users/lizkorthof/.rbenv/versions/2.1.2/lib/ruby/gems/2.1.0/gems/railties-4.1.6/lib/rails/templates/rails/welcome/index.html.erb (1.0ms)
Completed 200 OK in 11ms (Views: 4.2ms | ActiveRecord: 0.0ms)


Started GET "/" for 127.0.0.1 at 2014-10-06 11:00:36 -0400
Processing by Rails::WelcomeController#index as HTML
  Rendered /Users/lizkorthof/.rbenv/versions/2.1.2/lib/ruby/gems/2.1.0/gems/railties-4.1.6/lib/rails/templates/rails/welcome/index.html.erb (2.0ms)
Completed 200 OK in 19ms (Views: 9.6ms | ActiveRecord: 0.0ms)
  [1m[36m (1.1ms)[0m  [1mCREATE DATABASE "todo_development" ENCODING = 'utf8'[0m
PG::DuplicateDatabase: ERROR:  database "todo_development" already exists
: CREATE DATABASE "todo_development" ENCODING = 'utf8'
  [1m[35mActiveRecord::SchemaMigration Load (0.6ms)[0m  SELECT "schema_migrations".* FROM "schema_migrations"


Started GET "/home" for 127.0.0.1 at 2014-10-06 12:11:54 -0400
Processing by StaticPagesController#home as HTML
  Rendered static_pages/home.html.erb within layouts/application (0.8ms)
Completed 200 OK in 331ms (Views: 324.4ms | ActiveRecord: 0.0ms)


Started GET "/assets/turbolinks.js?body=1" for 127.0.0.1 at 2014-10-06 12:11:55 -0400


Started GET "/assets/jquery.js?body=1" for 127.0.0.1 at 2014-10-06 12:11:55 -0400


Started GET "/assets/application.css?body=1" for 127.0.0.1 at 2014-10-06 12:11:55 -0400


Started GET "/assets/application.js?body=1" for 127.0.0.1 at 2014-10-06 12:11:55 -0400


Started GET "/assets/jquery_ujs.js?body=1" for 127.0.0.1 at 2014-10-06 12:11:55 -0400


Started GET "/home" for 127.0.0.1 at 2014-10-06 12:13:39 -0400
Processing by StaticPagesController#home as HTML
  Rendered static_pages/home.html.erb within layouts/application (0.0ms)
Completed 200 OK in 18ms (Views: 17.3ms | ActiveRecord: 0.0ms)


Started GET "/assets/application.css?body=1" for 127.0.0.1 at 2014-10-06 12:13:39 -0400


Started GET "/assets/jquery.js?body=1" for 127.0.0.1 at 2014-10-06 12:13:39 -0400


Started GET "/assets/jquery_ujs.js?body=1" for 127.0.0.1 at 2014-10-06 12:13:39 -0400


Started GET "/assets/application.js?body=1" for 127.0.0.1 at 2014-10-06 12:13:39 -0400


Started GET "/assets/turbolinks.js?body=1" for 127.0.0.1 at 2014-10-06 12:13:39 -0400


Started GET "/home" for 127.0.0.1 at 2014-10-06 12:16:18 -0400
Processing by StaticPagesController#home as HTML
  Rendered static_pages/home.html.erb within layouts/application (0.0ms)
Completed 200 OK in 18ms (Views: 17.3ms | ActiveRecord: 0.0ms)


Started GET "/assets/jquery.js?body=1" for 127.0.0.1 at 2014-10-06 12:16:18 -0400


Started GET "/assets/turbolinks.js?body=1" for 127.0.0.1 at 2014-10-06 12:16:18 -0400


Started GET "/assets/jquery_ujs.js?body=1" for 127.0.0.1 at 2014-10-06 12:16:18 -0400


Started GET "/assets/application.js?body=1" for 127.0.0.1 at 2014-10-06 12:16:18 -0400


Started GET "/assets/application.css?body=1" for 127.0.0.1 at 2014-10-06 12:16:18 -0400


Started GET "/home" for 127.0.0.1 at 2014-10-06 12:16:21 -0400
Processing by StaticPagesController#home as HTML
  Rendered static_pages/home.html.erb within layouts/application (0.0ms)
Completed 200 OK in 17ms (Views: 16.6ms | ActiveRecord: 0.0ms)


Started GET "/assets/jquery.js?body=1" for 127.0.0.1 at 2014-10-06 12:16:21 -0400


Started GET "/assets/application.css?body=1" for 127.0.0.1 at 2014-10-06 12:16:21 -0400


Started GET "/assets/turbolinks.js?body=1" for 127.0.0.1 at 2014-10-06 12:16:21 -0400


Started GET "/assets/jquery_ujs.js?body=1" for 127.0.0.1 at 2014-10-06 12:16:21 -0400


Started GET "/assets/application.js?body=1" for 127.0.0.1 at 2014-10-06 12:16:21 -0400


Started GET "/about" for 127.0.0.1 at 2014-10-06 12:16:25 -0400
Processing by StaticPagesController#about as HTML
  Rendered static_pages/about.html.erb within layouts/application (0.3ms)
Completed 200 OK in 20ms (Views: 19.7ms | ActiveRecord: 0.0ms)


Started GET "/assets/application.css?body=1" for 127.0.0.1 at 2014-10-06 12:16:25 -0400


Started GET "/assets/turbolinks.js?body=1" for 127.0.0.1 at 2014-10-06 12:16:25 -0400


Started GET "/assets/jquery.js?body=1" for 127.0.0.1 at 2014-10-06 12:16:25 -0400


Started GET "/assets/jquery_ujs.js?body=1" for 127.0.0.1 at 2014-10-06 12:16:25 -0400


Started GET "/assets/application.js?body=1" for 127.0.0.1 at 2014-10-06 12:16:25 -0400


Started GET "/home" for 127.0.0.1 at 2014-10-06 12:17:12 -0400
Processing by StaticPagesController#home as HTML
  Rendered static_pages/home.html.erb within layouts/application (0.2ms)
Completed 200 OK in 17ms (Views: 16.9ms | ActiveRecord: 0.0ms)


Started GET "/assets/application.js?body=1" for 127.0.0.1 at 2014-10-06 12:17:12 -0400


Started GET "/assets/turbolinks.js?body=1" for 127.0.0.1 at 2014-10-06 12:17:12 -0400


Started GET "/assets/application.css?body=1" for 127.0.0.1 at 2014-10-06 12:17:12 -0400


Started GET "/assets/jquery_ujs.js?body=1" for 127.0.0.1 at 2014-10-06 12:17:12 -0400


Started GET "/assets/jquery.js?body=1" for 127.0.0.1 at 2014-10-06 12:17:12 -0400


Started GET "/help" for 127.0.0.1 at 2014-10-06 12:17:16 -0400
Processing by StaticPagesController#help as HTML
  Rendered static_pages/help.html.erb within layouts/application (0.3ms)
Completed 200 OK in 16ms (Views: 16.1ms | ActiveRecord: 0.0ms)


Started GET "/assets/jquery.js?body=1" for 127.0.0.1 at 2014-10-06 12:17:16 -0400


Started GET "/assets/application.js?body=1" for 127.0.0.1 at 2014-10-06 12:17:16 -0400


Started GET "/assets/application.css?body=1" for 127.0.0.1 at 2014-10-06 12:17:16 -0400


Started GET "/assets/jquery_ujs.js?body=1" for 127.0.0.1 at 2014-10-06 12:17:16 -0400


Started GET "/assets/turbolinks.js?body=1" for 127.0.0.1 at 2014-10-06 12:17:16 -0400


Started GET "/help" for 127.0.0.1 at 2014-10-06 14:43:54 -0400
Processing by StaticPagesController#help as HTML
  Rendered static_pages/help.html.erb within layouts/application (0.8ms)
Completed 200 OK in 59ms (Views: 49.0ms | ActiveRecord: 0.0ms)


Started GET "/assets/jquery.js?body=1" for 127.0.0.1 at 2014-10-06 14:43:54 -0400


Started GET "/assets/application.css?body=1" for 127.0.0.1 at 2014-10-06 14:43:55 -0400


Started GET "/assets/jquery_ujs.js?body=1" for 127.0.0.1 at 2014-10-06 14:43:55 -0400


Started GET "/assets/application.js?body=1" for 127.0.0.1 at 2014-10-06 14:43:55 -0400


Started GET "/assets/turbolinks.js?body=1" for 127.0.0.1 at 2014-10-06 14:43:55 -0400


Started GET "/home" for 127.0.0.1 at 2014-10-06 14:44:00 -0400
Processing by StaticPagesController#home as HTML
  Rendered static_pages/home.html.erb within layouts/application (0.2ms)
Completed 200 OK in 18ms (Views: 17.6ms | ActiveRecord: 0.0ms)


Started GET "/assets/jquery.js?body=1" for 127.0.0.1 at 2014-10-06 14:44:00 -0400


Started GET "/assets/application.css?body=1" for 127.0.0.1 at 2014-10-06 14:44:00 -0400


Started GET "/assets/application.js?body=1" for 127.0.0.1 at 2014-10-06 14:44:00 -0400


Started GET "/assets/jquery_ujs.js?body=1" for 127.0.0.1 at 2014-10-06 14:44:00 -0400


Started GET "/assets/turbolinks.js?body=1" for 127.0.0.1 at 2014-10-06 14:44:00 -0400


Started GET "/home" for 127.0.0.1 at 2014-10-06 14:45:54 -0400
Processing by StaticPagesController#home as HTML
  Rendered static_pages/home.html.erb within layouts/application (0.3ms)
Completed 200 OK in 17ms (Views: 16.3ms | ActiveRecord: 0.0ms)


Started GET "/assets/jquery_ujs.js?body=1" for 127.0.0.1 at 2014-10-06 14:45:54 -0400


Started GET "/assets/jquery.js?body=1" for 127.0.0.1 at 2014-10-06 14:45:54 -0400


Started GET "/assets/application.css?body=1" for 127.0.0.1 at 2014-10-06 14:45:54 -0400


Started GET "/assets/turbolinks.js?body=1" for 127.0.0.1 at 2014-10-06 14:45:54 -0400


Started GET "/assets/application.js?body=1" for 127.0.0.1 at 2014-10-06 14:45:54 -0400


Started GET "/home" for 127.0.0.1 at 2014-10-06 14:45:57 -0400
Processing by StaticPagesController#home as HTML
  Rendered static_pages/home.html.erb within layouts/application (0.0ms)
Completed 200 OK in 17ms (Views: 16.8ms | ActiveRecord: 0.0ms)


Started GET "/assets/application.css?body=1" for 127.0.0.1 at 2014-10-06 14:45:57 -0400


Started GET "/assets/jquery_ujs.js?body=1" for 127.0.0.1 at 2014-10-06 14:45:57 -0400


Started GET "/assets/turbolinks.js?body=1" for 127.0.0.1 at 2014-10-06 14:45:57 -0400


Started GET "/assets/application.js?body=1" for 127.0.0.1 at 2014-10-06 14:45:57 -0400


Started GET "/assets/jquery.js?body=1" for 127.0.0.1 at 2014-10-06 14:45:57 -0400


Started GET "/home" for 127.0.0.1 at 2014-10-06 14:49:51 -0400
Processing by StaticPagesController#home as HTML
  Rendered static_pages/home.html.erb within layouts/application (0.0ms)
Completed 200 OK in 16ms (Views: 15.9ms | ActiveRecord: 0.0ms)


Started GET "/assets/application.css?body=1" for 127.0.0.1 at 2014-10-06 14:49:51 -0400


Started GET "/assets/turbolinks.js?body=1" for 127.0.0.1 at 2014-10-06 14:49:51 -0400


Started GET "/assets/jquery.js?body=1" for 127.0.0.1 at 2014-10-06 14:49:51 -0400


Started GET "/assets/application.js?body=1" for 127.0.0.1 at 2014-10-06 14:49:51 -0400


Started GET "/assets/jquery_ujs.js?body=1" for 127.0.0.1 at 2014-10-06 14:49:51 -0400


Started GET "/help" for 127.0.0.1 at 2014-10-06 14:49:57 -0400
Processing by StaticPagesController#help as HTML
  Rendered static_pages/help.html.erb within layouts/application (0.3ms)
Completed 200 OK in 18ms (Views: 17.6ms | ActiveRecord: 0.0ms)


Started GET "/assets/jquery_ujs.js?body=1" for 127.0.0.1 at 2014-10-06 14:49:57 -0400


Started GET "/assets/application.css?body=1" for 127.0.0.1 at 2014-10-06 14:49:57 -0400


Started GET "/assets/application.js?body=1" for 127.0.0.1 at 2014-10-06 14:49:57 -0400


Started GET "/assets/jquery.js?body=1" for 127.0.0.1 at 2014-10-06 14:49:57 -0400


Started GET "/assets/turbolinks.js?body=1" for 127.0.0.1 at 2014-10-06 14:49:57 -0400


Started GET "/about" for 127.0.0.1 at 2014-10-06 14:50:11 -0400
Processing by StaticPagesController#about as HTML
  Rendered static_pages/about.html.erb within layouts/application (0.3ms)
Completed 200 OK in 59ms (Views: 58.2ms | ActiveRecord: 0.0ms)


Started GET "/assets/jquery.js?body=1" for 127.0.0.1 at 2014-10-06 14:50:11 -0400


Started GET "/assets/turbolinks.js?body=1" for 127.0.0.1 at 2014-10-06 14:50:11 -0400


Started GET "/assets/application.css?body=1" for 127.0.0.1 at 2014-10-06 14:50:11 -0400


Started GET "/assets/application.js?body=1" for 127.0.0.1 at 2014-10-06 14:50:11 -0400


Started GET "/assets/jquery_ujs.js?body=1" for 127.0.0.1 at 2014-10-06 14:50:11 -0400


Started GET "/about" for 127.0.0.1 at 2014-10-06 14:55:09 -0400
Processing by StaticPagesController#about as HTML
  Rendered static_pages/about.html.erb within layouts/application (0.0ms)
Completed 200 OK in 18ms (Views: 17.3ms | ActiveRecord: 0.0ms)


Started GET "/assets/application.css?body=1" for 127.0.0.1 at 2014-10-06 14:55:09 -0400


Started GET "/assets/jquery_ujs.js?body=1" for 127.0.0.1 at 2014-10-06 14:55:09 -0400


Started GET "/assets/application.js?body=1" for 127.0.0.1 at 2014-10-06 14:55:09 -0400


Started GET "/assets/turbolinks.js?body=1" for 127.0.0.1 at 2014-10-06 14:55:09 -0400


Started GET "/assets/jquery.js?body=1" for 127.0.0.1 at 2014-10-06 14:55:09 -0400


Started GET "/help" for 127.0.0.1 at 2014-10-06 14:55:18 -0400
Processing by StaticPagesController#help as HTML
  Rendered static_pages/help.html.erb within layouts/application (0.0ms)
Completed 200 OK in 16ms (Views: 15.9ms | ActiveRecord: 0.0ms)


Started GET "/assets/application.css?body=1" for 127.0.0.1 at 2014-10-06 14:55:18 -0400


Started GET "/assets/jquery_ujs.js?body=1" for 127.0.0.1 at 2014-10-06 14:55:18 -0400


Started GET "/assets/jquery.js?body=1" for 127.0.0.1 at 2014-10-06 14:55:18 -0400


Started GET "/assets/turbolinks.js?body=1" for 127.0.0.1 at 2014-10-06 14:55:18 -0400


Started GET "/assets/application.js?body=1" for 127.0.0.1 at 2014-10-06 14:55:18 -0400


Started GET "/help" for 127.0.0.1 at 2014-10-06 14:55:23 -0400
Processing by StaticPagesController#help as HTML
  Rendered static_pages/help.html.erb within layouts/application (0.0ms)
Completed 200 OK in 17ms (Views: 16.2ms | ActiveRecord: 0.0ms)


Started GET "/assets/jquery.js?body=1" for 127.0.0.1 at 2014-10-06 14:55:23 -0400


Started GET "/assets/jquery_ujs.js?body=1" for 127.0.0.1 at 2014-10-06 14:55:23 -0400


Started GET "/assets/application.css?body=1" for 127.0.0.1 at 2014-10-06 14:55:23 -0400


Started GET "/assets/turbolinks.js?body=1" for 127.0.0.1 at 2014-10-06 14:55:23 -0400


Started GET "/assets/application.js?body=1" for 127.0.0.1 at 2014-10-06 14:55:23 -0400


Started GET "/welcome" for 127.0.0.1 at 2014-10-06 14:55:30 -0400

ActionController::RoutingError (No route matches [GET] "/welcome"):
  actionpack (4.1.6) lib/action_dispatch/middleware/debug_exceptions.rb:21:in `call'
  actionpack (4.1.6) lib/action_dispatch/middleware/show_exceptions.rb:30:in `call'
  railties (4.1.6) lib/rails/rack/logger.rb:38:in `call_app'
  railties (4.1.6) lib/rails/rack/logger.rb:20:in `block in call'
  activesupport (4.1.6) lib/active_support/tagged_logging.rb:68:in `block in tagged'
  activesupport (4.1.6) lib/active_support/tagged_logging.rb:26:in `tagged'
  activesupport (4.1.6) lib/active_support/tagged_logging.rb:68:in `tagged'
  railties (4.1.6) lib/rails/rack/logger.rb:20:in `call'
  actionpack (4.1.6) lib/action_dispatch/middleware/request_id.rb:21:in `call'
  rack (1.5.2) lib/rack/methodoverride.rb:21:in `call'
  rack (1.5.2) lib/rack/runtime.rb:17:in `call'
  activesupport (4.1.6) lib/active_support/cache/strategy/local_cache_middleware.rb:26:in `call'
  rack (1.5.2) lib/rack/lock.rb:17:in `call'
  actionpack (4.1.6) lib/action_dispatch/middleware/static.rb:64:in `call'
  rack (1.5.2) lib/rack/sendfile.rb:112:in `call'
  railties (4.1.6) lib/rails/engine.rb:514:in `call'
  railties (4.1.6) lib/rails/application.rb:144:in `call'
  rack (1.5.2) lib/rack/lock.rb:17:in `call'
  rack (1.5.2) lib/rack/content_length.rb:14:in `call'
  rack (1.5.2) lib/rack/handler/webrick.rb:60:in `service'
  /Users/lizkorthof/.rbenv/versions/2.1.2/lib/ruby/2.1.0/webrick/httpserver.rb:138:in `service'
  /Users/lizkorthof/.rbenv/versions/2.1.2/lib/ruby/2.1.0/webrick/httpserver.rb:94:in `run'
  /Users/lizkorthof/.rbenv/versions/2.1.2/lib/ruby/2.1.0/webrick/server.rb:295:in `block in start_thread'


  Rendered /Users/lizkorthof/.rbenv/versions/2.1.2/lib/ruby/gems/2.1.0/gems/actionpack-4.1.6/lib/action_dispatch/middleware/templates/rescues/_trace.html.erb (1.5ms)
  Rendered /Users/lizkorthof/.rbenv/versions/2.1.2/lib/ruby/gems/2.1.0/gems/actionpack-4.1.6/lib/action_dispatch/middleware/templates/routes/_route.html.erb (0.9ms)
  Rendered /Users/lizkorthof/.rbenv/versions/2.1.2/lib/ruby/gems/2.1.0/gems/actionpack-4.1.6/lib/action_dispatch/middleware/templates/routes/_table.html.erb (7.3ms)
  Rendered /Users/lizkorthof/.rbenv/versions/2.1.2/lib/ruby/gems/2.1.0/gems/actionpack-4.1.6/lib/action_dispatch/middleware/templates/rescues/routing_error.html.erb within rescues/layout (27.2ms)


Started GET "/home" for 127.0.0.1 at 2014-10-06 14:55:38 -0400
Processing by StaticPagesController#home as HTML
  Rendered static_pages/home.html.erb within layouts/application (0.0ms)
Completed 200 OK in 20ms (Views: 19.8ms | ActiveRecord: 0.0ms)


Started GET "/home" for 127.0.0.1 at 2014-10-06 14:55:38 -0400
Processing by StaticPagesController#home as HTML
  Rendered static_pages/home.html.erb within layouts/application (0.0ms)
Completed 200 OK in 16ms (Views: 15.8ms | ActiveRecord: 0.0ms)


Started GET "/assets/application.css?body=1" for 127.0.0.1 at 2014-10-06 14:55:39 -0400


Started GET "/assets/jquery.js?body=1" for 127.0.0.1 at 2014-10-06 14:55:39 -0400


Started GET "/assets/jquery_ujs.js?body=1" for 127.0.0.1 at 2014-10-06 14:55:39 -0400


Started GET "/assets/application.js?body=1" for 127.0.0.1 at 2014-10-06 14:55:39 -0400


Started GET "/assets/turbolinks.js?body=1" for 127.0.0.1 at 2014-10-06 14:55:39 -0400


Started GET "/help" for 127.0.0.1 at 2014-10-06 14:55:57 -0400
Processing by StaticPagesController#help as HTML
  Rendered static_pages/help.html.erb within layouts/application (0.0ms)
Completed 200 OK in 15ms (Views: 14.4ms | ActiveRecord: 0.0ms)


Started GET "/assets/application.css?body=1" for 127.0.0.1 at 2014-10-06 14:55:57 -0400


Started GET "/assets/jquery.js?body=1" for 127.0.0.1 at 2014-10-06 14:55:57 -0400


Started GET "/assets/turbolinks.js?body=1" for 127.0.0.1 at 2014-10-06 14:55:57 -0400


Started GET "/assets/application.js?body=1" for 127.0.0.1 at 2014-10-06 14:55:57 -0400


Started GET "/assets/jquery_ujs.js?body=1" for 127.0.0.1 at 2014-10-06 14:55:57 -0400
  [1m[36mActiveRecord::SchemaMigration Load (0.3ms)[0m  [1mSELECT "schema_migrations".* FROM "schema_migrations"[0m
Migrating to CreateTasks (20141006194339)
  [1m[35m (0.2ms)[0m  BEGIN
  [1m[36m (33.9ms)[0m  [1mCREATE TABLE "tasks" ("id" serial primary key, "title" character varying(255), "created_at" timestamp, "updated_at" timestamp) [0m
  [1m[35mSQL (5.9ms)[0m  INSERT INTO "schema_migrations" ("version") VALUES ($1)  [["version", "20141006194339"]]
  [1m[36m (6.3ms)[0m  [1mCOMMIT[0m
  [1m[35mActiveRecord::SchemaMigration Load (0.2ms)[0m  SELECT "schema_migrations".* FROM "schema_migrations"
  [1m[36mActiveRecord::SchemaMigration Load (0.4ms)[0m  [1mSELECT "schema_migrations".* FROM "schema_migrations"[0m
Migrating to AddCompletedToTasks (20141007141058)
  [1m[35m (0.2ms)[0m  BEGIN
  [1m[36m (28.8ms)[0m  [1mALTER TABLE "tasks" ADD COLUMN "completed" boolean[0m
  [1m[35mSQL (0.9ms)[0m  INSERT INTO "schema_migrations" ("version") VALUES ($1)  [["version", "20141007141058"]]
  [1m[36m (0.5ms)[0m  [1mCOMMIT[0m
  [1m[35mActiveRecord::SchemaMigration Load (0.2ms)[0m  SELECT "schema_migrations".* FROM "schema_migrations"
  [1m[36m (0.2ms)[0m  [1mBEGIN[0m
  [1m[36m (0.1ms)[0m  [1mBEGIN[0m
  [1m[35m (0.3ms)[0m  ROLLBACK
  [1m[36m (0.1ms)[0m  [1mBEGIN[0m
  [1m[35mTask Load (1.7ms)[0m  SELECT "tasks".* FROM "tasks"
  [1m[36m (0.2ms)[0m  [1mSAVEPOINT active_record_1[0m
  [1m[35mSQL (2.1ms)[0m  INSERT INTO "tasks" ("created_at", "title", "updated_at") VALUES ($1, $2, $3) RETURNING "id"  [["created_at", "2014-10-07 15:08:50.060618"], ["title", "Walk the dog"], ["updated_at", "2014-10-07 15:08:50.060618"]]
  [1m[36m (0.2ms)[0m  [1mRELEASE SAVEPOINT active_record_1[0m
  [1m[35mTask Load (0.4ms)[0m  SELECT "tasks".* FROM "tasks"
  [1m[36m (0.3ms)[0m  [1mSAVEPOINT active_record_1[0m
  [1m[35mSQL (0.3ms)[0m  INSERT INTO "tasks" ("created_at", "title", "updated_at") VALUES ($1, $2, $3) RETURNING "id"  [["created_at", "2014-10-07 15:09:15.683556"], ["title", "Take the trash out"], ["updated_at", "2014-10-07 15:09:15.683556"]]
  [1m[36m (0.2ms)[0m  [1mRELEASE SAVEPOINT active_record_1[0m
  [1m[35mTask Load (0.3ms)[0m  SELECT "tasks".* FROM "tasks"
  [1m[36m (0.3ms)[0m  [1mROLLBACK[0m
  [1m[36m (0.2ms)[0m  [1mBEGIN[0m
  [1m[35mSQL (0.4ms)[0m  INSERT INTO "tasks" ("created_at", "title", "updated_at") VALUES ($1, $2, $3) RETURNING "id"  [["created_at", "2014-10-07 15:19:17.070003"], ["title", "Walk the dog"], ["updated_at", "2014-10-07 15:19:17.070003"]]
  [1m[36m (1.1ms)[0m  [1mCOMMIT[0m
  [1m[35mTask Load (0.5ms)[0m  SELECT "tasks".* FROM "tasks"
  [1m[36m (0.2ms)[0m  [1mBEGIN[0m
  [1m[35mSQL (0.3ms)[0m  INSERT INTO "tasks" ("completed", "created_at", "title", "updated_at") VALUES ($1, $2, $3, $4) RETURNING "id"  [["completed", "f"], ["created_at", "2014-10-07 15:21:33.088666"], ["title", "Walk the dog"], ["updated_at", "2014-10-07 15:21:33.088666"]]
  [1m[36m (0.8ms)[0m  [1mCOMMIT[0m
  [1m[35mTask Load (0.4ms)[0m  SELECT "tasks".* FROM "tasks"
  [1m[36m (118.3ms)[0m  [1mDROP DATABASE IF EXISTS "todo_development"[0m
  [1m[35m (115.3ms)[0m  DROP DATABASE IF EXISTS "todo_test"
  [1m[36m (238.8ms)[0m  [1mCREATE DATABASE "todo_development" ENCODING = 'utf8'[0m
  [1m[35m (232.7ms)[0m  CREATE DATABASE "todo_test" ENCODING = 'utf8'
  [1m[36mSQL (1.5ms)[0m  [1mCREATE EXTENSION IF NOT EXISTS "plpgsql"[0m
  [1m[35m (3.4ms)[0m  CREATE TABLE "tasks" ("id" serial primary key, "title" character varying(255), "created_at" timestamp, "updated_at" timestamp, "completed" boolean DEFAULT 'f') 
  [1m[36m (0.9ms)[0m  [1mCREATE TABLE "schema_migrations" ("version" character varying(255) NOT NULL) [0m
  [1m[35m (1.1ms)[0m  CREATE UNIQUE INDEX  "unique_schema_migrations" ON "schema_migrations"  ("version")
  [1m[36m (0.3ms)[0m  [1mSELECT version FROM "schema_migrations"[0m
  [1m[35m (0.5ms)[0m  INSERT INTO "schema_migrations" (version) VALUES ('20141007141058')
  [1m[36m (0.4ms)[0m  [1mINSERT INTO "schema_migrations" (version) VALUES ('20141006194339')[0m
  [1m[35mActiveRecord::SchemaMigration Load (0.2ms)[0m  SELECT "schema_migrations".* FROM "schema_migrations"
  [1m[36mActiveRecord::SchemaMigration Load (0.3ms)[0m  [1mSELECT "schema_migrations".* FROM "schema_migrations"[0m
  [1m[35mActiveRecord::SchemaMigration Load (0.2ms)[0m  SELECT "schema_migrations".* FROM "schema_migrations"
  [1m[36m (0.1ms)[0m  [1mBEGIN[0m
  [1m[35m (0.3ms)[0m  ROLLBACK
  [1m[36m (0.1ms)[0m  [1mBEGIN[0m
  [1m[35m (0.4ms)[0m  ROLLBACK
  [1m[36mActiveRecord::SchemaMigration Load (0.3ms)[0m  [1mSELECT "schema_migrations".* FROM "schema_migrations"[0m
Migrating to AddLocationToTasks (20141007155408)
  [1m[36mActiveRecord::SchemaMigration Load (0.3ms)[0m  [1mSELECT "schema_migrations".* FROM "schema_migrations"[0m
Migrating to AddLocationToTasks (20141007155408)
  [1m[35m (0.2ms)[0m  BEGIN
  [1m[36m (2.9ms)[0m  [1mALTER TABLE "tasks" ADD COLUMN "location" character varying(255)[0m
  [1m[35mSQL (0.2ms)[0m  INSERT INTO "schema_migrations" ("version") VALUES ($1)  [["version", "20141007155408"]]
  [1m[36m (0.7ms)[0m  [1mCOMMIT[0m
Migrating to AddDueAtToTasks (20141007173604)
  [1m[35m (0.2ms)[0m  BEGIN
  [1m[36m (0.3ms)[0m  [1mALTER TABLE "tasks" ADD COLUMN "due_at" timestamp[0m
  [1m[35mSQL (0.2ms)[0m  INSERT INTO "schema_migrations" ("version") VALUES ($1)  [["version", "20141007173604"]]
  [1m[36m (0.3ms)[0m  [1mCOMMIT[0m
  [1m[35mActiveRecord::SchemaMigration Load (0.2ms)[0m  SELECT "schema_migrations".* FROM "schema_migrations"
  [1m[36m (115.6ms)[0m  [1mDROP DATABASE IF EXISTS "todo_development"[0m
  [1m[35m (114.4ms)[0m  DROP DATABASE IF EXISTS "todo_test"
  [1m[36m (237.3ms)[0m  [1mCREATE DATABASE "todo_development" ENCODING = 'utf8'[0m
  [1m[35m (233.4ms)[0m  CREATE DATABASE "todo_test" ENCODING = 'utf8'
  [1m[36mSQL (0.3ms)[0m  [1mCREATE EXTENSION IF NOT EXISTS "plpgsql"[0m
  [1m[35m (4.1ms)[0m  CREATE TABLE "tasks" ("id" serial primary key, "title" character varying(255), "created_at" timestamp, "updated_at" timestamp, "completed" boolean DEFAULT 'f', "location" character varying(255), "due_at" timestamp) 
  [1m[36m (0.8ms)[0m  [1mCREATE TABLE "schema_migrations" ("version" character varying(255) NOT NULL) [0m
  [1m[35m (0.9ms)[0m  CREATE UNIQUE INDEX  "unique_schema_migrations" ON "schema_migrations"  ("version")
  [1m[36m (0.3ms)[0m  [1mSELECT version FROM "schema_migrations"[0m
  [1m[35m (0.5ms)[0m  INSERT INTO "schema_migrations" (version) VALUES ('20141007173604')
  [1m[36m (0.5ms)[0m  [1mINSERT INTO "schema_migrations" (version) VALUES ('20141006194339')[0m
  [1m[35m (0.4ms)[0m  INSERT INTO "schema_migrations" (version) VALUES ('20141007141058')
  [1m[36m (0.4ms)[0m  [1mINSERT INTO "schema_migrations" (version) VALUES ('20141007155408')[0m
  [1m[35mActiveRecord::SchemaMigration Load (0.2ms)[0m  SELECT "schema_migrations".* FROM "schema_migrations"
  [1m[36mActiveRecord::SchemaMigration Load (0.4ms)[0m  [1mSELECT "schema_migrations".* FROM "schema_migrations"[0m
  [1m[35mActiveRecord::SchemaMigration Load (0.2ms)[0m  SELECT "schema_migrations".* FROM "schema_migrations"
  [1m[36m (118.7ms)[0m  [1mDROP DATABASE IF EXISTS "todo_development"[0m
  [1m[35m (115.7ms)[0m  DROP DATABASE IF EXISTS "todo_test"
  [1m[36m (230.0ms)[0m  [1mCREATE DATABASE "todo_development" ENCODING = 'utf8'[0m
  [1m[35m (229.1ms)[0m  CREATE DATABASE "todo_test" ENCODING = 'utf8'
  [1m[36mSQL (0.4ms)[0m  [1mCREATE EXTENSION IF NOT EXISTS "plpgsql"[0m
  [1m[35m (4.4ms)[0m  CREATE TABLE "tasks" ("id" serial primary key, "title" character varying(255), "created_at" timestamp, "updated_at" timestamp, "completed" boolean DEFAULT 'f', "location" character varying(255), "due_at" timestamp DEFAULT '2014-10-07 00:00:00') 
  [1m[36m (0.8ms)[0m  [1mCREATE TABLE "schema_migrations" ("version" character varying(255) NOT NULL) [0m
  [1m[35m (0.9ms)[0m  CREATE UNIQUE INDEX  "unique_schema_migrations" ON "schema_migrations"  ("version")
  [1m[36m (0.3ms)[0m  [1mSELECT version FROM "schema_migrations"[0m
  [1m[35m (0.5ms)[0m  INSERT INTO "schema_migrations" (version) VALUES ('20141007173604')
  [1m[36m (0.5ms)[0m  [1mINSERT INTO "schema_migrations" (version) VALUES ('20141006194339')[0m
  [1m[35m (0.4ms)[0m  INSERT INTO "schema_migrations" (version) VALUES ('20141007141058')
  [1m[36m (0.4ms)[0m  [1mINSERT INTO "schema_migrations" (version) VALUES ('20141007155408')[0m
  [1m[35mActiveRecord::SchemaMigration Load (0.2ms)[0m  SELECT "schema_migrations".* FROM "schema_migrations"
  [1m[36mActiveRecord::SchemaMigration Load (0.3ms)[0m  [1mSELECT "schema_migrations".* FROM "schema_migrations"[0m
  [1m[35mActiveRecord::SchemaMigration Load (0.2ms)[0m  SELECT "schema_migrations".* FROM "schema_migrations"
  [1m[36m (118.9ms)[0m  [1mDROP DATABASE IF EXISTS "todo_development"[0m
  [1m[35m (116.0ms)[0m  DROP DATABASE IF EXISTS "todo_test"
  [1m[36m (309.3ms)[0m  [1mCREATE DATABASE "todo_development" ENCODING = 'utf8'[0m
  [1m[35m (233.9ms)[0m  CREATE DATABASE "todo_test" ENCODING = 'utf8'
  [1m[36mSQL (1.5ms)[0m  [1mCREATE EXTENSION IF NOT EXISTS "plpgsql"[0m
  [1m[35m (33.9ms)[0m  CREATE TABLE "tasks" ("id" serial primary key, "title" character varying(255), "created_at" timestamp, "updated_at" timestamp, "completed" boolean DEFAULT 'f', "location" character varying(255), "due_at" date DEFAULT '2014-10-07') 
  [1m[36m (11.5ms)[0m  [1mCREATE TABLE "schema_migrations" ("version" character varying(255) NOT NULL) [0m
  [1m[35m (5.6ms)[0m  CREATE UNIQUE INDEX  "unique_schema_migrations" ON "schema_migrations"  ("version")
  [1m[36m (0.3ms)[0m  [1mSELECT version FROM "schema_migrations"[0m
  [1m[35m (0.4ms)[0m  INSERT INTO "schema_migrations" (version) VALUES ('20141007173604')
  [1m[36m (0.7ms)[0m  [1mINSERT INTO "schema_migrations" (version) VALUES ('20141006194339')[0m
  [1m[35m (0.3ms)[0m  INSERT INTO "schema_migrations" (version) VALUES ('20141007141058')
  [1m[36m (0.3ms)[0m  [1mINSERT INTO "schema_migrations" (version) VALUES ('20141007155408')[0m
  [1m[35mActiveRecord::SchemaMigration Load (0.3ms)[0m  SELECT "schema_migrations".* FROM "schema_migrations"
